2025-01-27 20:55:52,821 - INFO - Converted column Trade to int64
2025-01-27 20:55:52,823 - INFO - Converted column Opened to datetime64
2025-01-27 20:55:52,828 - INFO - Converted column Closed to datetime64
2025-01-27 20:55:52,830 - INFO - Converted column DIT to int64
2025-01-27 20:55:52,832 - INFO - Converted column Description to object
2025-01-27 20:55:52,833 - INFO - Converted column Symbol to object
2025-01-27 20:55:52,835 - INFO - Converted column Planned_Capital to float64
2025-01-27 20:55:52,846 - INFO - Converted column Maximum_Margin to float64
2025-01-27 20:55:52,847 - INFO - Converted column Current_Margin to float64
2025-01-27 20:55:52,848 - INFO - Converted column Profit_Loss to float64
2025-01-27 20:55:52,849 - INFO - Converted column Yield_on_Max_Margin to float64
2025-01-27 20:55:52,850 - ERROR - Error converting column Yield_on_Planned_Capital to float64: could not convert string to float: '17 Jan 2025 at 12:27 PM'
2025-01-27 20:55:52,853 - INFO - Converted column Short_Strike_Delta to float64
2025-01-27 20:55:52,854 - INFO - Converted column Position_Delta to float64
2025-01-27 20:55:52,869 - INFO - Converted column Updated_Eastern to datetime64
2025-01-27 20:55:52,871 - INFO - Converted column View_Details to object
2025-01-27 20:56:36,467 - INFO - Converted column Trade to int64
2025-01-27 20:56:36,468 - INFO - Converted column Opened to datetime64
2025-01-27 20:56:36,473 - INFO - Converted column Closed to datetime64
2025-01-27 20:56:36,474 - INFO - Converted column DIT to int64
2025-01-27 20:56:36,475 - INFO - Converted column Description to object
2025-01-27 20:56:36,477 - INFO - Converted column Symbol to object
2025-01-27 20:56:36,479 - INFO - Converted column Planned_Capital to float64
2025-01-27 20:56:36,482 - INFO - Converted column Maximum_Margin to float64
2025-01-27 20:56:36,483 - INFO - Converted column Current_Margin to float64
2025-01-27 20:56:36,485 - INFO - Converted column Profit_Loss to float64
2025-01-27 20:56:36,486 - INFO - Converted column Yield_on_Max_Margin to float64
2025-01-27 20:56:36,486 - ERROR - Error converting column Yield_on_Planned_Capital to float64: could not convert string to float: '17 Jan 2025 at 12:27 PM'
2025-01-27 20:56:36,488 - INFO - Converted column Short_Strike_Delta to float64
2025-01-27 20:56:36,489 - INFO - Converted column Position_Delta to float64
2025-01-27 20:56:36,495 - INFO - Converted column Updated_Eastern to datetime64
2025-01-27 20:56:36,496 - INFO - Converted column View_Details to object
2025-01-27 20:56:36,532 - INFO - Successfully saved dataset to trade_performance_dataset_cleaned_20250127_205636.csv
2025-01-27 20:56:36,750 - INFO - Successfully saved cleaned dataset to trade_performance_dataset_cleaned_20250127_205636.csv and trade_performance_dataset_cleaned_20250127_205636.xlsx
2025-01-27 21:02:24,443 - INFO - Converted column Trade to int64
2025-01-27 21:02:24,445 - INFO - Converted column Opened to datetime64
2025-01-27 21:02:24,446 - INFO - Converted column Closed to datetime64
2025-01-27 21:02:24,446 - INFO - Converted column DIT to int64
2025-01-27 21:02:24,448 - INFO - Converted column Description to object
2025-01-27 21:02:24,450 - INFO - Converted column Symbol to object
2025-01-27 21:02:24,451 - INFO - Converted column Planned_Capital to float64
2025-01-27 21:02:24,453 - INFO - Converted column Maximum_Margin to float64
2025-01-27 21:02:24,455 - INFO - Converted column Current_Margin to float64
2025-01-27 21:02:24,457 - INFO - Converted column Profit_Loss to float64
2025-01-27 21:02:24,458 - INFO - Converted column Yield_on_Max_Margin to float64
2025-01-27 21:02:24,458 - INFO - Converted column Yield_on_Planned_Capital to float64
2025-01-27 21:02:24,462 - INFO - Converted column Short_Strike_Delta to float64
2025-01-27 21:02:24,465 - INFO - Converted column Position_Delta to float64
2025-01-27 21:02:24,467 - INFO - Converted column Updated_Eastern to datetime64
2025-01-27 21:02:24,468 - INFO - Converted column View_Details to object
2025-01-27 21:03:20,648 - INFO - Converted column Trade to int64
2025-01-27 21:03:20,650 - INFO - Converted column Opened to datetime64
2025-01-27 21:03:20,652 - INFO - Converted column Closed to datetime64
2025-01-27 21:03:20,654 - INFO - Converted column DIT to int64
2025-01-27 21:03:20,655 - INFO - Converted column Description to object
2025-01-27 21:03:20,656 - INFO - Converted column Symbol to object
2025-01-27 21:03:20,657 - INFO - Converted column Planned_Capital to float64
2025-01-27 21:03:20,658 - INFO - Converted column Maximum_Margin to float64
2025-01-27 21:03:20,659 - INFO - Converted column Current_Margin to float64
2025-01-27 21:03:20,660 - INFO - Converted column Profit_Loss to float64
2025-01-27 21:03:20,662 - INFO - Converted column Yield_on_Max_Margin to float64
2025-01-27 21:03:20,663 - INFO - Converted column Yield_on_Planned_Capital to float64
2025-01-27 21:03:20,664 - INFO - Converted column Short_Strike_Delta to float64
2025-01-27 21:03:20,667 - INFO - Converted column Position_Delta to float64
2025-01-27 21:03:20,671 - INFO - Converted column Updated_Eastern to datetime64
2025-01-27 21:03:20,672 - INFO - Converted column View_Details to object
2025-01-27 21:03:20,680 - INFO - Successfully saved dataset to trade_performance_dataset_cleaned_20250127_210320.csv
2025-01-27 21:03:20,864 - INFO - Successfully saved cleaned dataset to trade_performance_dataset_cleaned_20250127_210320.csv and trade_performance_dataset_cleaned_20250127_210320.xlsx
2025-01-27 21:03:25,344 - INFO - Loaded saved dataset from trade_performance_dataset_cleaned_20250127_205636.xlsx
2025-01-27 21:07:29,078 - INFO - Converted column Trade to int64
2025-01-27 21:07:29,080 - INFO - Converted column Opened to datetime64
2025-01-27 21:07:29,081 - INFO - Converted column Closed to datetime64
2025-01-27 21:07:29,082 - INFO - Converted column DIT to int64
2025-01-27 21:07:29,083 - INFO - Converted column Description to object
2025-01-27 21:07:29,084 - INFO - Converted column Symbol to object
2025-01-27 21:07:29,085 - INFO - Converted column Planned_Capital to float64
2025-01-27 21:07:29,086 - INFO - Converted column Maximum_Margin to float64
2025-01-27 21:07:29,087 - INFO - Converted column Current_Margin to float64
2025-01-27 21:07:29,088 - INFO - Converted column Profit_Loss to float64
2025-01-27 21:07:29,090 - INFO - Converted column Yield_on_Max_Margin to float64
2025-01-27 21:07:29,091 - INFO - Converted column Yield_on_Planned_Capital to float64
2025-01-27 21:07:29,092 - INFO - Converted column Short_Strike_Delta to float64
2025-01-27 21:07:29,093 - INFO - Converted column Position_Delta to float64
2025-01-27 21:07:29,097 - INFO - Converted column Updated_Eastern to datetime64
2025-01-27 21:07:29,098 - INFO - Converted column View_Details to object
2025-01-27 21:10:23,504 - INFO - Converted column Trade to int64
2025-01-27 21:10:23,507 - INFO - Converted column Opened to datetime64
2025-01-27 21:10:23,509 - INFO - Converted column Closed to datetime64
2025-01-27 21:10:23,511 - INFO - Converted column DIT to int64
2025-01-27 21:10:23,513 - INFO - Converted column Description to object
2025-01-27 21:10:23,514 - INFO - Converted column Symbol to object
2025-01-27 21:10:23,515 - INFO - Converted column Planned_Capital to float64
2025-01-27 21:10:23,515 - INFO - Converted column Maximum_Margin to float64
2025-01-27 21:10:23,517 - INFO - Converted column Current_Margin to float64
2025-01-27 21:10:23,518 - INFO - Converted column Profit_Loss to float64
2025-01-27 21:10:23,520 - INFO - Converted column Yield_on_Max_Margin to float64
2025-01-27 21:10:23,521 - INFO - Converted column Yield_on_Planned_Capital to float64
2025-01-27 21:10:23,523 - INFO - Converted column Short_Strike_Delta to float64
2025-01-27 21:10:23,526 - INFO - Converted column Position_Delta to float64
2025-01-27 21:10:23,532 - INFO - Converted column Updated_Eastern to datetime64
2025-01-27 21:10:23,533 - INFO - Converted column View_Details to object
2025-01-27 21:10:28,452 - INFO - Converted column Trade to int64
2025-01-27 21:10:28,454 - INFO - Converted column Opened to datetime64
2025-01-27 21:10:28,455 - INFO - Converted column Closed to datetime64
2025-01-27 21:10:28,457 - INFO - Converted column DIT to int64
2025-01-27 21:10:28,458 - INFO - Converted column Description to object
2025-01-27 21:10:28,461 - INFO - Converted column Symbol to object
2025-01-27 21:10:28,462 - INFO - Converted column Planned_Capital to float64
2025-01-27 21:10:28,464 - INFO - Converted column Maximum_Margin to float64
2025-01-27 21:10:28,465 - INFO - Converted column Current_Margin to float64
2025-01-27 21:10:28,466 - INFO - Converted column Profit_Loss to float64
2025-01-27 21:10:28,467 - INFO - Converted column Yield_on_Max_Margin to float64
2025-01-27 21:10:28,468 - INFO - Converted column Yield_on_Planned_Capital to float64
2025-01-27 21:10:28,468 - INFO - Converted column Short_Strike_Delta to float64
2025-01-27 21:10:28,471 - INFO - Converted column Position_Delta to float64
2025-01-27 21:10:28,474 - INFO - Converted column Updated_Eastern to datetime64
2025-01-27 21:10:28,474 - INFO - Converted column View_Details to object
2025-01-27 21:10:28,487 - INFO - Successfully saved dataset to trade_performance_dataset_cleaned_20250127_211028.csv
2025-01-27 21:10:28,657 - INFO - Successfully saved cleaned dataset to trade_performance_dataset_cleaned_20250127_211028.csv and trade_performance_dataset_cleaned_20250127_211028.xlsx
2025-01-27 21:10:31,648 - INFO - Loaded saved dataset from trade_performance_dataset_cleaned_20250127_205636.xlsx
2025-01-27 21:11:07,437 - INFO - Converted column Trade to int64
2025-01-27 21:11:07,438 - INFO - Converted column Opened to datetime64
2025-01-27 21:11:07,440 - INFO - Converted column Closed to datetime64
2025-01-27 21:11:07,441 - INFO - Converted column DIT to int64
2025-01-27 21:11:07,443 - INFO - Converted column Description to object
2025-01-27 21:11:07,445 - INFO - Converted column Symbol to object
2025-01-27 21:11:07,446 - INFO - Converted column Planned_Capital to float64
2025-01-27 21:11:07,447 - INFO - Converted column Maximum_Margin to float64
2025-01-27 21:11:07,449 - INFO - Converted column Current_Margin to float64
2025-01-27 21:11:07,450 - INFO - Converted column Profit_Loss to float64
2025-01-27 21:11:07,451 - INFO - Converted column Yield_on_Max_Margin to float64
2025-01-27 21:11:07,452 - INFO - Converted column Yield_on_Planned_Capital to float64
2025-01-27 21:11:07,453 - INFO - Converted column Short_Strike_Delta to float64
2025-01-27 21:11:07,455 - INFO - Converted column Position_Delta to float64
2025-01-27 21:11:07,460 - INFO - Converted column Updated_Eastern to datetime64
2025-01-27 21:11:07,462 - INFO - Converted column View_Details to object
2025-01-27 21:12:10,203 - INFO - Converted column Trade to int64
2025-01-27 21:12:10,204 - INFO - Converted column Opened to datetime64
2025-01-27 21:12:10,205 - INFO - Converted column Closed to datetime64
2025-01-27 21:12:10,206 - INFO - Converted column DIT to int64
2025-01-27 21:12:10,207 - INFO - Converted column Description to object
2025-01-27 21:12:10,208 - INFO - Converted column Symbol to object
2025-01-27 21:12:10,209 - INFO - Converted column Planned_Capital to float64
2025-01-27 21:12:10,209 - INFO - Converted column Maximum_Margin to float64
2025-01-27 21:12:10,210 - INFO - Converted column Current_Margin to float64
2025-01-27 21:12:10,212 - INFO - Converted column Profit_Loss to float64
2025-01-27 21:12:10,213 - INFO - Converted column Yield_on_Max_Margin to float64
2025-01-27 21:12:10,214 - INFO - Converted column Yield_on_Planned_Capital to float64
2025-01-27 21:12:10,214 - INFO - Converted column Short_Strike_Delta to float64
2025-01-27 21:12:10,216 - INFO - Converted column Position_Delta to float64
2025-01-27 21:12:10,219 - INFO - Converted column Updated_Eastern to datetime64
2025-01-27 21:12:10,220 - INFO - Converted column View_Details to object
2025-01-27 21:12:19,920 - INFO - Converted column Trade to int64
2025-01-27 21:12:19,923 - INFO - Converted column Opened to datetime64
2025-01-27 21:12:19,926 - INFO - Converted column Closed to datetime64
2025-01-27 21:12:19,928 - INFO - Converted column DIT to int64
2025-01-27 21:12:19,930 - INFO - Converted column Description to object
2025-01-27 21:12:19,931 - INFO - Converted column Symbol to object
2025-01-27 21:12:19,933 - INFO - Converted column Planned_Capital to float64
2025-01-27 21:12:19,934 - INFO - Converted column Maximum_Margin to float64
2025-01-27 21:12:19,936 - INFO - Converted column Current_Margin to float64
2025-01-27 21:12:19,936 - INFO - Converted column Profit_Loss to float64
2025-01-27 21:12:19,937 - INFO - Converted column Yield_on_Max_Margin to float64
2025-01-27 21:12:19,939 - INFO - Converted column Yield_on_Planned_Capital to float64
2025-01-27 21:12:19,940 - INFO - Converted column Short_Strike_Delta to float64
2025-01-27 21:12:19,941 - INFO - Converted column Position_Delta to float64
2025-01-27 21:12:19,944 - INFO - Converted column Updated_Eastern to datetime64
2025-01-27 21:12:19,945 - INFO - Converted column View_Details to object
2025-01-27 21:12:19,956 - INFO - Successfully saved dataset to trade_performance_dataset_cleaned_20250127_211219.csv
2025-01-27 21:12:20,148 - INFO - Successfully saved cleaned dataset to trade_performance_dataset_cleaned_20250127_211219.csv and trade_performance_dataset_cleaned_20250127_211219.xlsx
2025-01-27 21:12:27,823 - INFO - Loaded saved dataset from trade_performance_dataset_cleaned_20250127_205636.xlsx
2025-01-27 21:13:24,042 - INFO - Converted column Trade to int64
2025-01-27 21:13:24,043 - INFO - Converted column Opened to datetime64
2025-01-27 21:13:24,045 - INFO - Converted column Closed to datetime64
2025-01-27 21:13:24,046 - INFO - Converted column DIT to int64
2025-01-27 21:13:24,048 - INFO - Converted column Description to object
2025-01-27 21:13:24,048 - INFO - Converted column Symbol to object
2025-01-27 21:13:24,050 - INFO - Converted column Planned_Capital to float64
2025-01-27 21:13:24,051 - INFO - Converted column Maximum_Margin to float64
2025-01-27 21:13:24,052 - INFO - Converted column Current_Margin to float64
2025-01-27 21:13:24,053 - INFO - Converted column Profit_Loss to float64
2025-01-27 21:13:24,054 - INFO - Converted column Yield_on_Max_Margin to float64
2025-01-27 21:13:24,054 - INFO - Converted column Yield_on_Planned_Capital to float64
2025-01-27 21:13:24,055 - INFO - Converted column Short_Strike_Delta to float64
2025-01-27 21:13:24,056 - INFO - Converted column Position_Delta to float64
2025-01-27 21:13:24,060 - INFO - Converted column Updated_Eastern to datetime64
2025-01-27 21:13:24,061 - INFO - Converted column View_Details to object
